<?xml version="1.0" encoding="UTF-8"?>
<testsuite name="tech.heiberg.people.PeopleApplicationTests" tests="1" skipped="0" failures="0" errors="0" timestamp="2022-09-07T06:45:02" hostname="playground" time="0.561">
  <properties/>
  <testcase name="contextLoads()" classname="tech.heiberg.people.PeopleApplicationTests" time="0.561"/>
  <system-out><![CDATA[08:44:57.985 [Test worker] DEBUG org.springframework.test.context.BootstrapUtils - Instantiating CacheAwareContextLoaderDelegate from class [org.springframework.test.context.cache.DefaultCacheAwareContextLoaderDelegate]
08:44:57.998 [Test worker] DEBUG org.springframework.test.context.BootstrapUtils - Instantiating BootstrapContext using constructor [public org.springframework.test.context.support.DefaultBootstrapContext(java.lang.Class,org.springframework.test.context.CacheAwareContextLoaderDelegate)]
08:44:58.049 [Test worker] DEBUG org.springframework.test.context.BootstrapUtils - Instantiating TestContextBootstrapper for test class [tech.heiberg.people.PeopleApplicationTests] from class [org.springframework.boot.test.context.SpringBootTestContextBootstrapper]
08:44:58.068 [Test worker] INFO org.springframework.boot.test.context.SpringBootTestContextBootstrapper - Neither @ContextConfiguration nor @ContextHierarchy found for test class [tech.heiberg.people.PeopleApplicationTests], using SpringBootContextLoader
08:44:58.078 [Test worker] DEBUG org.springframework.test.context.support.AbstractContextLoader - Did not detect default resource location for test class [tech.heiberg.people.PeopleApplicationTests]: class path resource [tech/heiberg/people/PeopleApplicationTests-context.xml] does not exist
08:44:58.079 [Test worker] DEBUG org.springframework.test.context.support.AbstractContextLoader - Did not detect default resource location for test class [tech.heiberg.people.PeopleApplicationTests]: class path resource [tech/heiberg/people/PeopleApplicationTestsContext.groovy] does not exist
08:44:58.079 [Test worker] INFO org.springframework.test.context.support.AbstractContextLoader - Could not detect default resource locations for test class [tech.heiberg.people.PeopleApplicationTests]: no resource found for suffixes {-context.xml, Context.groovy}.
08:44:58.081 [Test worker] INFO org.springframework.test.context.support.AnnotationConfigContextLoaderUtils - Could not detect default configuration classes for test class [tech.heiberg.people.PeopleApplicationTests]: PeopleApplicationTests does not declare any static, non-private, non-final, nested classes annotated with @Configuration.
08:44:58.158 [Test worker] DEBUG org.springframework.test.context.support.ActiveProfilesUtils - Could not find an 'annotation declaring class' for annotation type [org.springframework.test.context.ActiveProfiles] and class [tech.heiberg.people.PeopleApplicationTests]
08:44:58.255 [Test worker] DEBUG org.springframework.context.annotation.ClassPathScanningCandidateComponentProvider - Identified candidate component class: file [/home/jako/dev/people/build/classes/java/main/tech/heiberg/people/PeopleApplication.class]
08:44:58.257 [Test worker] INFO org.springframework.boot.test.context.SpringBootTestContextBootstrapper - Found @SpringBootConfiguration tech.heiberg.people.PeopleApplication for test class tech.heiberg.people.PeopleApplicationTests
08:44:58.465 [Test worker] DEBUG org.springframework.boot.test.context.SpringBootTestContextBootstrapper - @TestExecutionListeners is not present for class [tech.heiberg.people.PeopleApplicationTests]: using defaults.
08:44:58.466 [Test worker] INFO org.springframework.boot.test.context.SpringBootTestContextBootstrapper - Loaded default TestExecutionListener class names from location [META-INF/spring.factories]: [org.springframework.boot.test.autoconfigure.restdocs.RestDocsTestExecutionListener, org.springframework.boot.test.autoconfigure.web.client.MockRestServiceServerResetTestExecutionListener, org.springframework.boot.test.autoconfigure.web.servlet.MockMvcPrintOnlyOnFailureTestExecutionListener, org.springframework.boot.test.autoconfigure.web.servlet.WebDriverTestExecutionListener, org.springframework.boot.test.autoconfigure.webservices.client.MockWebServiceServerTestExecutionListener, org.springframework.boot.test.mock.mockito.MockitoTestExecutionListener, org.springframework.boot.test.mock.mockito.ResetMocksTestExecutionListener, org.springframework.test.context.web.ServletTestExecutionListener, org.springframework.test.context.support.DirtiesContextBeforeModesTestExecutionListener, org.springframework.test.context.event.ApplicationEventsTestExecutionListener, org.springframework.test.context.support.DependencyInjectionTestExecutionListener, org.springframework.test.context.support.DirtiesContextTestExecutionListener, org.springframework.test.context.transaction.TransactionalTestExecutionListener, org.springframework.test.context.jdbc.SqlScriptsTestExecutionListener, org.springframework.test.context.event.EventPublishingTestExecutionListener]
08:44:58.485 [Test worker] INFO org.springframework.boot.test.context.SpringBootTestContextBootstrapper - Using TestExecutionListeners: [org.springframework.test.context.web.ServletTestExecutionListener@4c37b5b, org.springframework.test.context.support.DirtiesContextBeforeModesTestExecutionListener@73db4768, org.springframework.test.context.event.ApplicationEventsTestExecutionListener@71b3bc45, org.springframework.boot.test.mock.mockito.MockitoTestExecutionListener@a8c1f44, org.springframework.boot.test.autoconfigure.SpringBootDependencyInjectionTestExecutionListener@150ab4ed, org.springframework.test.context.support.DirtiesContextTestExecutionListener@3c435123, org.springframework.test.context.transaction.TransactionalTestExecutionListener@50fe837a, org.springframework.test.context.jdbc.SqlScriptsTestExecutionListener@3a62c01e, org.springframework.test.context.event.EventPublishingTestExecutionListener@7a8fa663, org.springframework.boot.test.autoconfigure.restdocs.RestDocsTestExecutionListener@5ce33a58, org.springframework.boot.test.autoconfigure.web.client.MockRestServiceServerResetTestExecutionListener@78a287ed, org.springframework.boot.test.autoconfigure.web.servlet.MockMvcPrintOnlyOnFailureTestExecutionListener@546ccad7, org.springframework.boot.test.autoconfigure.web.servlet.WebDriverTestExecutionListener@5357c287, org.springframework.boot.test.autoconfigure.webservices.client.MockWebServiceServerTestExecutionListener@1623134f, org.springframework.boot.test.mock.mockito.ResetMocksTestExecutionListener@7a527389]
08:44:58.493 [Test worker] DEBUG org.springframework.test.context.support.AbstractDirtiesContextTestExecutionListener - Before test class: context [DefaultTestContext@62fe6067 testClass = PeopleApplicationTests, testInstance = [null], testMethod = [null], testException = [null], mergedContextConfiguration = [WebMergedContextConfiguration@4f071df8 testClass = PeopleApplicationTests, locations = '{}', classes = '{class tech.heiberg.people.PeopleApplication}', contextInitializerClasses = '[]', activeProfiles = '{}', propertySourceLocations = '{}', propertySourceProperties = '{org.springframework.boot.test.context.SpringBootTestContextBootstrapper=true}', contextCustomizers = set[org.springframework.boot.test.autoconfigure.actuate.metrics.MetricsExportContextCustomizerFactory$DisableMetricExportContextCustomizer@7a220c9a, org.springframework.boot.test.autoconfigure.properties.PropertyMappingContextCustomizer@0, org.springframework.boot.test.autoconfigure.web.servlet.WebDriverContextCustomizerFactory$Customizer@492691d7, org.springframework.boot.test.context.filter.ExcludeFilterContextCustomizer@67545b57, org.springframework.boot.test.json.DuplicateJsonObjectContextCustomizerFactory$DuplicateJsonObjectContextCustomizer@74589991, org.springframework.boot.test.mock.mockito.MockitoContextCustomizer@0, org.springframework.boot.test.web.client.TestRestTemplateContextCustomizer@130e116b, org.springframework.boot.test.web.reactive.server.WebTestClientContextCustomizer@61fe30, org.springframework.boot.test.context.SpringBootTestArgs@1, org.springframework.boot.test.context.SpringBootTestWebEnvironment@d21a74c], resourceBasePath = 'src/main/webapp', contextLoader = 'org.springframework.boot.test.context.SpringBootContextLoader', parent = [null]], attributes = map['org.springframework.test.context.web.ServletTestExecutionListener.activateListener' -> true]], class annotated with @DirtiesContext [false] with mode [null].

  .   ____          _            __ _ _
 /\\ / ___'_ __ _ _(_)_ __  __ _ \ \ \ \
( ( )\___ | '_ | '_| | '_ \/ _` | \ \ \ \
 \\/  ___)| |_)| | | | | || (_| |  ) ) ) )
  '  |____| .__|_| |_|_| |_\__, | / / / /
 =========|_|==============|___/=/_/_/_/
 :: Spring Boot ::                (v2.7.3)

2022-09-07 08:44:59.079  INFO 31359 --- [    Test worker] t.heiberg.people.PeopleApplicationTests  : Starting PeopleApplicationTests using Java 17.0.4 on playground with PID 31359 (started by jako in /home/jako/dev/people)
2022-09-07 08:44:59.082  INFO 31359 --- [    Test worker] t.heiberg.people.PeopleApplicationTests  : No active profile set, falling back to 1 default profile: "default"
2022-09-07 08:45:00.147  INFO 31359 --- [    Test worker] .s.d.r.c.RepositoryConfigurationDelegate : Multiple Spring Data modules found, entering strict repository configuration mode
2022-09-07 08:45:00.151  INFO 31359 --- [    Test worker] .s.d.r.c.RepositoryConfigurationDelegate : Bootstrapping Spring Data Redis repositories in DEFAULT mode.
2022-09-07 08:45:00.181  INFO 31359 --- [    Test worker] .s.d.r.c.RepositoryConfigurationDelegate : Finished Spring Data repository scanning in 15 ms. Found 0 Redis repository interfaces.
2022-09-07 08:45:02.817  INFO 31359 --- [    Test worker] t.heiberg.people.PeopleApplicationTests  : Started PeopleApplicationTests in 4.276 seconds (JVM running for 6.022)
]]></system-out>
  <system-err><![CDATA[]]></system-err>
</testsuite>
